[22:10:37] [main/INFO]: Setting user: shade28
[22:10:38] [Client thread/INFO]: LWJGL Version: 2.9.1
[22:10:50] [Client thread/INFO]: Reloading ResourceManager: Default, FMLFileResourcePack:Forge Mod Loader, FMLFileResourcePack:Minecraft Forge, FMLFileResourcePack:Not Enough Items, FMLFileResourcePack:AppleCore, FMLFileResourcePack:Applied Energistics 2, FMLFileResourcePack:Automagy, FMLFileResourcePack:Blood Magic: Alchemical Wizardry, FMLFileResourcePack:Botania, FMLFileResourcePack:Carpenter's Blocks, FMLFileResourcePack:ChickenChunks, FMLFileResourcePack:Chisel 2, FMLFileResourcePack:CoFH Core, FMLFileResourcePack:ComputerCraft, FMLFileResourcePack:EiraIRC, FMLFileResourcePack:Ender IO, FMLFileResourcePack:EnderStorage, FMLFileResourcePack:ExtraCells, FMLFileResourcePack:Extra Utilities, FMLFileResourcePack:FastCraft, FMLFileResourcePack:Forbidden Magic, FMLFileResourcePack:Hardcore Questing Mode, FMLFileResourcePack:Hunger Overhaul, FMLFileResourcePack:INpureCore, FMLFileResourcePack:Inventory Tweaks, FMLFileResourcePack:Iron Chest, FMLFileResourcePack:JABBA, FMLFileResourcePack:JourneyMap, FMLFileResourcePack:Lockdown, FMLFileResourcePack:LunatriusCore, FMLFileResourcePack:MineTweaker 3, FMLFileResourcePack:ModTweaker, FMLFileResourcePack:NEI Addons, FMLFileResourcePack:NEI Addons: Botany, FMLFileResourcePack:NEI Addons: Forestry, FMLFileResourcePack:NEI Addons: Crafting Tables, FMLFileResourcePack:NEI Addons: Ex Nihilo, FMLFileResourcePack:NEI Plugins Unofficial, FMLFileResourcePack:NodalMechanics, FMLFileResourcePack:OpenBlocks, FMLFileResourcePack:OpenMods, FMLFileResourcePack:Pam's HarvestCraft, FMLFileResourcePack:ProjectE, FMLFileResourcePack:ProjectRed, FMLFileResourcePack:ProjectRed-Compatibility, FMLFileResourcePack:ProjectRed-Integration, FMLFileResourcePack:ProjectRed-Transmission, FMLFileResourcePack:ProjectRed-Illumination, FMLFileResourcePack:ProjectRed-Expansion, FMLFileResourcePack:ProjectRed-Transportation, FMLFileResourcePack:ProjectRed-Exploration, FMLFileResourcePack:Random Things, FMLFileResourcePack:The Spice of Life, FMLFileResourcePack:Stackie, FMLFileResourcePack:Steve's Factory Manager, FMLFileResourcePack:TC Node Tracker, FMLFileResourcePack:Thaumcraft, FMLFileResourcePack:Thaumcraft NEI Plugin, FMLFileResourcePack:Thaumic Energistics, FMLFileResourcePack:Thaumic Exploration, FMLFileResourcePack:Thaumic Tinkerer, FMLFileResourcePack:Thaumic Warden, FMLFileResourcePack:Waila, FMLFileResourcePack:Waila Harvestability, FMLFileResourcePack:YUNoMakeGoodMap, FMLFileResourcePack:Baubles, FMLFileResourcePack:Forge Microblocks, FMLFileResourcePack:Forge Multipart, FMLFileResourcePack:Minecraft Multipart Plugin, FMLFileResourcePack:MrTJPCoreMod
[22:10:50] [Client thread/WARN]: ResourcePack: ignored non-lowercase namespace: %s in %s
[22:10:50] [Client thread/WARN]: ResourcePack: ignored non-lowercase namespace: %s in %s
[22:10:50] [Client thread/WARN]: ResourcePack: ignored non-lowercase namespace: %s in %s
[22:10:50] [Client thread/WARN]: ResourcePack: ignored non-lowercase namespace: %s in %s
[22:10:50] [Client thread/WARN]: ResourcePack: ignored non-lowercase namespace: %s in %s
[22:10:50] [Client thread/WARN]: ResourcePack: ignored non-lowercase namespace: %s in %s
[22:10:50] [Client thread/WARN]: ResourcePack: ignored non-lowercase namespace: %s in %s
[22:10:50] [Client thread/WARN]: ResourcePack: ignored non-lowercase namespace: %s in %s
[22:10:50] [Client thread/WARN]: ResourcePack: ignored non-lowercase namespace: %s in %s
[22:10:50] [Client thread/WARN]: ResourcePack: ignored non-lowercase namespace: %s in %s
[22:10:50] [Client thread/WARN]: ResourcePack: ignored non-lowercase namespace: %s in %s
[22:10:50] [Client thread/WARN]: ResourcePack: ignored non-lowercase namespace: %s in %s
[22:10:50] [Client thread/WARN]: ResourcePack: ignored non-lowercase namespace: %s in %s
[22:10:50] [Client thread/WARN]: ResourcePack: ignored non-lowercase namespace: %s in %s
[22:10:50] [Client thread/WARN]: ResourcePack: ignored non-lowercase namespace: %s in %s
[22:11:04] [Sound Library Loader/INFO]: Sound engine started
[22:11:24] [Client thread/INFO]: Reloading ResourceManager: Default, FMLFileResourcePack:Forge Mod Loader, FMLFileResourcePack:Minecraft Forge, FMLFileResourcePack:Not Enough Items, FMLFileResourcePack:AppleCore, FMLFileResourcePack:Applied Energistics 2, FMLFileResourcePack:Automagy, FMLFileResourcePack:Blood Magic: Alchemical Wizardry, FMLFileResourcePack:Botania, FMLFileResourcePack:Carpenter's Blocks, FMLFileResourcePack:ChickenChunks, FMLFileResourcePack:Chisel 2, FMLFileResourcePack:CoFH Core, FMLFileResourcePack:ComputerCraft, FMLFileResourcePack:EiraIRC, FMLFileResourcePack:Ender IO, FMLFileResourcePack:EnderStorage, FMLFileResourcePack:ExtraCells, FMLFileResourcePack:Extra Utilities, FMLFileResourcePack:FastCraft, FMLFileResourcePack:Forbidden Magic, FMLFileResourcePack:Hardcore Questing Mode, FMLFileResourcePack:Hunger Overhaul, FMLFileResourcePack:INpureCore, FMLFileResourcePack:Inventory Tweaks, FMLFileResourcePack:Iron Chest, FMLFileResourcePack:JABBA, FMLFileResourcePack:JourneyMap, FMLFileResourcePack:Lockdown, FMLFileResourcePack:LunatriusCore, FMLFileResourcePack:MineTweaker 3, FMLFileResourcePack:ModTweaker, FMLFileResourcePack:NEI Addons, FMLFileResourcePack:NEI Addons: Botany, FMLFileResourcePack:NEI Addons: Forestry, FMLFileResourcePack:NEI Addons: Crafting Tables, FMLFileResourcePack:NEI Addons: Ex Nihilo, FMLFileResourcePack:NEI Plugins Unofficial, FMLFileResourcePack:NodalMechanics, FMLFileResourcePack:OpenBlocks, FMLFileResourcePack:OpenMods, FMLFileResourcePack:Pam's HarvestCraft, FMLFileResourcePack:ProjectE, FMLFileResourcePack:ProjectRed, FMLFileResourcePack:ProjectRed-Compatibility, FMLFileResourcePack:ProjectRed-Integration, FMLFileResourcePack:ProjectRed-Transmission, FMLFileResourcePack:ProjectRed-Illumination, FMLFileResourcePack:ProjectRed-Expansion, FMLFileResourcePack:ProjectRed-Transportation, FMLFileResourcePack:ProjectRed-Exploration, FMLFileResourcePack:Random Things, FMLFileResourcePack:The Spice of Life, FMLFileResourcePack:Stackie, FMLFileResourcePack:Steve's Factory Manager, FMLFileResourcePack:TC Node Tracker, FMLFileResourcePack:Thaumcraft, FMLFileResourcePack:Thaumcraft NEI Plugin, FMLFileResourcePack:Thaumic Energistics, FMLFileResourcePack:Thaumic Exploration, FMLFileResourcePack:Thaumic Tinkerer, FMLFileResourcePack:Thaumic Warden, FMLFileResourcePack:Waila, FMLFileResourcePack:Waila Harvestability, FMLFileResourcePack:YUNoMakeGoodMap, FMLFileResourcePack:Baubles, FMLFileResourcePack:Forge Microblocks, FMLFileResourcePack:Forge Multipart, FMLFileResourcePack:Minecraft Multipart Plugin, FMLFileResourcePack:MrTJPCoreMod, FMLFileResourcePack:Carpenter's Blocks Cached Resources
[22:11:24] [Client thread/WARN]: ResourcePack: ignored non-lowercase namespace: %s in %s
[22:11:24] [Client thread/WARN]: ResourcePack: ignored non-lowercase namespace: %s in %s
[22:11:24] [Client thread/WARN]: ResourcePack: ignored non-lowercase namespace: %s in %s
[22:11:24] [Client thread/WARN]: ResourcePack: ignored non-lowercase namespace: %s in %s
[22:11:24] [Client thread/WARN]: ResourcePack: ignored non-lowercase namespace: %s in %s
[22:11:24] [Client thread/WARN]: ResourcePack: ignored non-lowercase namespace: %s in %s
[22:11:24] [Client thread/WARN]: ResourcePack: ignored non-lowercase namespace: %s in %s
[22:11:24] [Client thread/WARN]: ResourcePack: ignored non-lowercase namespace: %s in %s
[22:11:24] [Client thread/WARN]: ResourcePack: ignored non-lowercase namespace: %s in %s
[22:11:24] [Client thread/WARN]: ResourcePack: ignored non-lowercase namespace: %s in %s
[22:11:24] [Client thread/WARN]: ResourcePack: ignored non-lowercase namespace: %s in %s
[22:11:24] [Client thread/WARN]: ResourcePack: ignored non-lowercase namespace: %s in %s
[22:11:24] [Client thread/WARN]: ResourcePack: ignored non-lowercase namespace: %s in %s
[22:11:24] [Client thread/WARN]: ResourcePack: ignored non-lowercase namespace: %s in %s
[22:11:24] [Client thread/WARN]: ResourcePack: ignored non-lowercase namespace: %s in %s
[22:11:32] [Sound Library Loader/INFO]: Sound engine started
[22:11:44] [Client thread/INFO]: Stopping!
